#
# There is insufficient memory for the Java Runtime Environment to continue.
# Native memory allocation (mmap) failed to map 167772160 bytes for Failed to commit area from 0x0000000761400000 to 0x000000076b400000 of length 167772160.
# Possible reasons:
#   The system is out of physical RAM or swap space
#   The process is running with CompressedOops enabled, and the Java Heap may be blocking the growth of the native heap
# Possible solutions:
#   Reduce memory load on the system
#   Increase physical memory or swap space
#   Check if swap backing store is full
#   Decrease Java heap size (-Xmx/-Xms)
#   Decrease number of Java threads
#   Decrease Java thread stack sizes (-Xss)
#   Set larger code cache with -XX:ReservedCodeCacheSize=
# This output file may be truncated or incomplete.
#
#  Out of Memory Error (./src/hotspot/os/windows/os_windows.cpp:3311), pid=27480, tid=372
#
# JRE version:  (11.0.12+7) (build )
# Java VM: OpenJDK 64-Bit Server VM (11.0.12+7, mixed mode, sharing, tiered, compressed oops, g1 gc, windows-amd64)
# No core dump will be written. Minidumps are not enabled by default on client versions of Windows
#

---------------  S U M M A R Y ------------

Command Line: -Dfile.encoding=Cp1252 main.Main

Host: AMD Ryzen 5 3500U with Radeon Vega Mobile Gfx  , 8 cores, 9G,  Windows 10 , 64 bit Build 19041 (10.0.19041.1202)
Time: Mon Nov  8 16:15:39 2021 Hora estándar de Argentina elapsed time: 0.014463 seconds (0d 0h 0m 0s)

---------------  T H R E A D  ---------------

Current thread (0x000001cab7b7c000):  JavaThread "Unknown thread" [_thread_in_vm, id=372, stack(0x000000be9b300000,0x000000be9b400000)]

Stack: [0x000000be9b300000,0x000000be9b400000]
Native frames: (J=compiled Java code, j=interpreted, Vv=VM code, C=native code)
V  [jvm.dll+0x601d0a]
V  [jvm.dll+0x78ab6e]
V  [jvm.dll+0x78c23f]
V  [jvm.dll+0x78c903]
V  [jvm.dll+0x24be68]
V  [jvm.dll+0x5feeaa]
V  [jvm.dll+0x5f3965]
V  [jvm.dll+0x303b0c]
V  [jvm.dll+0x303992]
V  [jvm.dll+0x3086b6]
V  [jvm.dll+0x34d57f]
V  [jvm.dll+0x34cfb0]
V  [jvm.dll+0x2e0c18]
V  [jvm.dll+0x2e1d76]
V  [jvm.dll+0x765ef7]
V  [jvm.dll+0x76767f]
V  [jvm.dll+0x35a309]
V  [jvm.dll+0x748f80]
V  [jvm.dll+0x3c1f3f]
V  [jvm.dll+0x3c4411]
C  [jli.dll+0x5207]
C  [ucrtbase.dll+0x21bb2]
C  [KERNEL32.DLL+0x17034]
C  [ntdll.dll+0x52651]


---------------  P R O C E S S  ---------------

Threads class SMR info:
_java_thread_list=0x000001cab5a11750, length=0, elements={
}

Java Threads: ( => current thread )

Other Threads:
  0x000001cab7b95000 GCTaskThread "GC Thread#0" [stack: 0x000000be9b400000,0x000000be9b500000] [id=27040]
  0x000001cab7bd5800 ConcurrentGCThread "G1 Main Marker" [stack: 0x000000be9b500000,0x000000be9b600000] [id=11572]
  0x000001cab7bd7000 ConcurrentGCThread "G1 Conc#0" [stack: 0x000000be9b600000,0x000000be9b700000] [id=14184]

[error occurred during error reporting (printing all threads), id 0xc0000005, EXCEPTION_ACCESS_VIOLATION (0xc0000005) at pc=0x00007ffbb61802e7]

VM state:not at safepoint (not fully initialized)

VM Mutex/Monitor currently owned by a thread:  ([mutex/lock_event])
[0x000001cab7b7a1e0] Heap_lock - owner thread: 0x000001cab7b7c000

Heap address: 0x0000000761400000, size: 2540 MB, Compressed Oops mode: Non-zero based: 0x0000000761400000
Narrow klass base: 0x0000000000000000, Narrow klass shift: 0

GC Heap History (0 events):
No events

Deoptimization events (0 events):
No events

Classes redefined (0 events):
No events

Internal exceptions (0 events):
No events

Events (1 events):
Event: 0.009 Loaded shared library C:\Program Files\Eclipse Foundation\jdk-11.0.12.7-hotspot\bin\zip.dll


Dynamic libraries:
0x00007ff672ed0000 - 0x00007ff672edd000 	C:\Program Files\Eclipse Foundation\jdk-11.0.12.7-hotspot\bin\javaw.exe
0x00007ffc0bc50000 - 0x00007ffc0be45000 	C:\WINDOWS\SYSTEM32\ntdll.dll
0x00007ffbe72c0000 - 0x00007ffbe72d5000 	C:\Program Files\Avast Software\Avast\aswhook.dll
0x00007ffc09d70000 - 0x00007ffc09e2e000 	C:\WINDOWS\System32\KERNEL32.DLL
0x00007ffc09610000 - 0x00007ffc098d9000 	C:\WINDOWS\System32\KERNELBASE.dll
0x00007ffc09a20000 - 0x00007ffc09b20000 	C:\WINDOWS\System32\ucrtbase.dll
0x00007ffbf76b0000 - 0x00007ffbf76c7000 	C:\Program Files\Eclipse Foundation\jdk-11.0.12.7-hotspot\bin\jli.dll
0x00007ffbecf10000 - 0x00007ffbecf25000 	C:\Program Files\Eclipse Foundation\jdk-11.0.12.7-hotspot\bin\VCRUNTIME140.dll
0x00007ffc0a9f0000 - 0x00007ffc0ab91000 	C:\WINDOWS\System32\USER32.dll
0x00007ffc09b20000 - 0x00007ffc09b42000 	C:\WINDOWS\System32\win32u.dll
0x00007ffbe8990000 - 0x00007ffbe8c2a000 	C:\WINDOWS\WinSxS\amd64_microsoft.windows.common-controls_6595b64144ccf1df_6.0.19041.1110_none_60b5254171f9507e\COMCTL32.dll
0x00007ffc0b310000 - 0x00007ffc0b33b000 	C:\WINDOWS\System32\GDI32.dll
0x00007ffc0bb70000 - 0x00007ffc0bc0e000 	C:\WINDOWS\System32\msvcrt.dll
0x00007ffc094d0000 - 0x00007ffc095db000 	C:\WINDOWS\System32\gdi32full.dll
0x00007ffc09b50000 - 0x00007ffc09bed000 	C:\WINDOWS\System32\msvcp_win.dll
0x00007ffc0ac90000 - 0x00007ffc0acc0000 	C:\WINDOWS\System32\IMM32.DLL
0x00007ffbe8c80000 - 0x00007ffbe8d1b000 	C:\Program Files\Eclipse Foundation\jdk-11.0.12.7-hotspot\bin\msvcp140.dll
0x00007ffbb5e90000 - 0x00007ffbb69e9000 	C:\Program Files\Eclipse Foundation\jdk-11.0.12.7-hotspot\bin\server\jvm.dll
0x00007ffc0af20000 - 0x00007ffc0afcc000 	C:\WINDOWS\System32\ADVAPI32.dll
0x00007ffc0acd0000 - 0x00007ffc0ad6b000 	C:\WINDOWS\System32\sechost.dll
0x00007ffc0ad70000 - 0x00007ffc0ae9a000 	C:\WINDOWS\System32\RPCRT4.dll
0x00007ffc0b910000 - 0x00007ffc0b918000 	C:\WINDOWS\System32\PSAPI.DLL
0x00007ffbf3e30000 - 0x00007ffbf3e39000 	C:\WINDOWS\SYSTEM32\WSOCK32.dll
0x00007ffbff700000 - 0x00007ffbff727000 	C:\WINDOWS\SYSTEM32\WINMM.dll
0x00007ffbff930000 - 0x00007ffbff93a000 	C:\WINDOWS\SYSTEM32\VERSION.dll
0x00007ffc0b190000 - 0x00007ffc0b1fb000 	C:\WINDOWS\System32\WS2_32.dll
0x00007ffc07bf0000 - 0x00007ffc07c02000 	C:\WINDOWS\SYSTEM32\kernel.appcore.dll
0x00007ffc067d0000 - 0x00007ffc067e0000 	C:\Program Files\Eclipse Foundation\jdk-11.0.12.7-hotspot\bin\verify.dll
0x00007ffc079e0000 - 0x00007ffc07bc4000 	C:\WINDOWS\SYSTEM32\DBGHELP.DLL
0x00007ffbf6f60000 - 0x00007ffbf6f8c000 	C:\WINDOWS\SYSTEM32\dbgcore.DLL
0x00007ffc09990000 - 0x00007ffc09a13000 	C:\WINDOWS\System32\bcryptPrimitives.dll
0x00007ffbf6b10000 - 0x00007ffbf6b38000 	C:\Program Files\Eclipse Foundation\jdk-11.0.12.7-hotspot\bin\java.dll
0x00007ffbffb10000 - 0x00007ffbffb1a000 	C:\Program Files\Eclipse Foundation\jdk-11.0.12.7-hotspot\bin\jimage.dll
0x00007ffbf94b0000 - 0x00007ffbf94c7000 	C:\Program Files\Eclipse Foundation\jdk-11.0.12.7-hotspot\bin\zip.dll

dbghelp: loaded successfully - version: 4.0.5 - missing functions: none
symbol engine: initialized successfully - sym options: 0x614 - pdb path: .;C:\Program Files\Eclipse Foundation\jdk-11.0.12.7-hotspot\bin;C:\WINDOWS\SYSTEM32;C:\Program Files\Avast Software\Avast;C:\WINDOWS\WinSxS\amd64_microsoft.windows.common-controls_6595b64144ccf1df_6.0.19041.1110_none_60b5254171f9507e;C:\Program Files\Eclipse Foundation\jdk-11.0.12.7-hotspot\bin\server

VM Arguments:
jvm_args: -Dfile.encoding=Cp1252 
java_command: main.Main
java_class_path (initial): C:\Users\54113\OneDrive\Escritorio\R\Segundo Cuatri\JAVA\Entorno\TP\bin
Launcher Type: SUN_STANDARD

[Global flags]
     intx CICompilerCount                          = 4                                         {product} {ergonomic}
     uint ConcGCThreads                            = 2                                         {product} {ergonomic}
     uint G1ConcRefinementThreads                  = 8                                         {product} {ergonomic}
   size_t G1HeapRegionSize                         = 1048576                                   {product} {ergonomic}
    uintx GCDrainStackTargetSize                   = 64                                        {product} {ergonomic}
   size_t InitialHeapSize                          = 167772160                                 {product} {ergonomic}
   size_t MarkStackSize                            = 4194304                                   {product} {ergonomic}
   size_t MaxHeapSize                              = 2663383040                                {product} {ergonomic}
   size_t MinHeapDeltaBytes                        = 1048576                                   {product} {ergonomic}
    uintx NonNMethodCodeHeapSize                   = 5836300                                {pd product} {ergonomic}
    uintx NonProfiledCodeHeapSize                  = 122910970                              {pd product} {ergonomic}
    uintx ProfiledCodeHeapSize                     = 122910970                              {pd product} {ergonomic}
    uintx ReservedCodeCacheSize                    = 251658240                              {pd product} {ergonomic}
     bool SegmentedCodeCache                       = true                                      {product} {ergonomic}
     bool UseCompressedClassPointers               = true                                 {lp64_product} {ergonomic}
     bool UseCompressedOops                        = true                                 {lp64_product} {ergonomic}
     bool UseG1GC                                  = true                                      {product} {ergonomic}
     bool UseLargePagesIndividualAllocation        = false                                  {pd product} {ergonomic}

Logging:
Log output configuration:
 #0: stdout all=warning uptime,level,tags
 #1: stderr all=off uptime,level,tags

Environment Variables:
JAVA_HOME=C:\Program Files\Android\Jdk\microsoft_dist_openjdk_1.8.0.25
PATH=C:/Program Files/Eclipse Foundation/jdk-11.0.12.7-hotspot/bin/server;C:/Program Files/Eclipse Foundation/jdk-11.0.12.7-hotspot/bin;C:\Program Files\Eclipse Foundation\jdk-11.0.12.7-hotspot\bin;C:\WINDOWS\system32;C:\WINDOWS;C:\WINDOWS\System32\Wbem;C:\WINDOWS\System32\WindowsPowerShell\v1.0\;C:\WINDOWS\System32\OpenSSH\;C:\Program Files\dotnet\;C:\Program Files\Microsoft SQL Server\130\Tools\Binn\;C:\Program Files\Microsoft SQL Server\Client SDK\ODBC\170\Tools\Binn\;C:\Program Files\Git\cmd;C:\Users\54113\AppData\Local\Microsoft\WindowsApps;C:\Users\54113\.dotnet\tools;C:\Users\54113\OneDrive\Escritorio\R\Segundo Cuatri\JAVA;
USERNAME=54113
OS=Windows_NT
PROCESSOR_IDENTIFIER=AMD64 Family 23 Model 24 Stepping 1, AuthenticAMD



---------------  S Y S T E M  ---------------

OS: Windows 10 , 64 bit Build 19041 (10.0.19041.1202)
OS uptime: 19 days 18:55 hours

CPU:total 8 (initial active 8) (8 cores per cpu, 2 threads per core) family 23 model 24 stepping 1 microcode 0x0, cmov, cx8, fxsr, mmx, sse, sse2, sse3, ssse3, sse4.1, sse4.2, popcnt, avx, avx2, aes, clmul, mmxext, 3dnowpref, lzcnt, sse4a, ht, tsc, tscinvbit, tscinv, bmi1, bmi2, adx, sha, fma

Memory: 4k page, system-wide physical 10153M (1404M free)
TotalPageFile size 25294M (AvailPageFile size 75M)
current process WorkingSet (physical memory assigned to process): 10M, peak: 10M
current process commit charge ("private bytes"): 60M, peak: 220M

vm_info: OpenJDK 64-Bit Server VM (11.0.12+7) for windows-amd64 JRE (11.0.12+7), built on Jul 21 2021 16:23:49 by "" with unknown MS VC++:1916

END.
